2024-04-29 12:28:38 INFO  cw1:26 - open URL
  2024-04-29 12:29:15 WARN  cw1:30 - Wait for 3 sec
  2024-04-29 12:29:35 INFO  cw1:32 - Reliance industries
  2024-04-29 12:29:38 WARN  cw1:37 - Wait for 3 sec
  2024-04-29 12:35:35 INFO  cw1:26 - open URL
  2024-04-29 12:36:21 WARN  cw1:30 - Wait for 3 sec
  2024-04-29 12:36:49 INFO  cw1:32 - Reliance industries
  2024-04-29 12:36:52 WARN  cw1:37 - Wait for 3 sec
  2024-04-29 12:53:30 INFO  cw1:26 - open URL
  2024-04-29 14:15:46 INFO  cw1:26 - open URL
  2024-04-29 14:16:30 WARN  cw1:30 - Wait for 3 sec
  2024-04-29 14:16:36 INFO  cw1:32 - Reliance industries
  2024-04-29 14:16:39 WARN  cw1:37 - Wait for 3 sec
  2024-04-29 14:16:47 INFO  cw1:39 - SIP return
  2024-04-29 14:16:49 INFO  cw1:43 - Axis Mutual Fund
  2024-04-29 14:16:51 INFO  cw1:47 - Axis Arbitrage Fund - Regular plan
  2024-04-29 14:16:51 INFO  cw1:49 - 100000-Indian rupees
  2024-04-29 14:16:53 INFO  cw1:53 - calculate
  2024-04-29 14:16:53 INFO  cw1:58 - terminated
  2024-04-29 21:06:52 INFO  cw1:26 - open URL
  2024-04-29 21:07:24 WARN  cw1:30 - Wait for 3 sec
  